<?xml version="1.0" encoding="UTF-8"?>
<!-- Generated by org.testng.reporters.JUnitXMLReporter -->
<testsuite ignored="0" hostname="DESKTOP-64EE36M" failures="0" tests="4" name="Anmeldung" time="11.17" errors="0" timestamp="2022-05-21T21:28:11 CEST">
  <testcase classname="ui.ProfessorAnmeldung" name="professorAnmeldung" time="0.899"/>
  <testcase classname="ui.DekanAnmeldung" name="dekanAnmeldung" time="0.869"/>
  <testcase classname="ui.FV_Anmeldung" name="FV_Anmeldung" time="1.028"/>
  <testcase classname="ui.FakultaetsSV" name="rollen_zuweisen" time="2.44"/>
</testsuite> <!-- Anmeldung -->
